<?xml version="1.0" encoding="utf-8"?><testsuites name="pytest tests"><testsuite name="pytest" errors="0" failures="0" skipped="0" tests="17" time="5.811" timestamp="2026-05-03T14:58:31.762082+00:00" hostname="agent-env-189d5e16-dbbd-4f24-b41e-9b3e5ddb7273"><testcase classname="test_push_pdf_notifications.TestVapid" name="test_vapid_public_key_no_auth" time="0.225" /><testcase classname="test_push_pdf_notifications.TestPushSubscribe" name="test_subscribe_requires_auth" time="0.126" /><testcase classname="test_push_pdf_notifications.TestPushSubscribe" name="test_subscribe_success" time="0.446" /><testcase classname="test_push_pdf_notifications.TestPushSubscribe" name="test_subscribe_idempotent_upsert" time="0.046" /><testcase classname="test_push_pdf_notifications.TestPushSubscribe" name="test_unsubscribe_success" time="0.050" /><testcase classname="test_push_pdf_notifications.TestApprovalFlow" name="test_approve_persists_pdf_and_creates_notification" time="2.024" /><testcase classname="test_push_pdf_notifications.TestApprovalFlow" name="test_visa_pdf_unauthenticated" time="0.114" /><testcase classname="test_push_pdf_notifications.TestApprovalFlow" name="test_visa_pdf_other_user_forbidden" time="0.448" /><testcase classname="test_push_pdf_notifications.TestApprovalFlow" name="test_mark_read_404_for_nonexistent" time="0.048" /><testcase classname="test_push_pdf_notifications.TestRejectionFlow" name="test_reject_creates_notification_with_admin_notes" time="0.742" /><testcase classname="test_push_pdf_notifications.TestAuthRegression" name="test_login_admin" time="0.353" /><testcase classname="test_push_pdf_notifications.TestAuthRegression" name="test_register_works" time="0.335" /><testcase classname="test_push_pdf_notifications.TestAuthRegression" name="test_removed_admin_is_not_admin" time="0.147" /><testcase classname="test_push_pdf_notifications.TestPWAAssets" name="test_manifest_served" time="0.141" /><testcase classname="test_push_pdf_notifications.TestPWAAssets" name="test_sw_served" time="0.127" /><testcase classname="test_push_pdf_notifications.TestPWAAssets" name="test_icons_served" time="0.257" /><testcase classname="test_push_pdf_notifications.TestPWAAssets" name="test_index_has_manifest_link" time="0.115" /></testsuite></testsuites>